1.ProgramacionMultimedia/TEMA 1 INTRODUCCION/MiApp/app/build/intermediates/manifest_merge_blame_file/debug/manifest-merger-blame-debug-report.txt
1<?xml version="1.0" encoding="utf-8"?>
2<manifest xmlns:android="http://schemas.android.com/apk/res/android"
3    package="com.example.miapp"
4    android:versionCode="1"
5    android:versionName="1.0" >
6
7    <uses-sdk
8        android:minSdkVersion="23"
8-->src\main\AndroidManifest.xml
9        android:targetSdkVersion="32" />
9-->src\main\AndroidManifest.xml
10
11    <application
11-->src\main\AndroidManifest.xml:5:5-22:19
12        android:allowBackup="true"
12-->src\main\AndroidManifest.xml:6:9-35
13        android:appComponentFactory="androidx.core.app.CoreComponentFactory"
13-->[androidx.core:core:1.8.0] AndroidManifest.xml:24:18-86
14        android:dataExtractionRules="@xml/data_extraction_rules"
14-->src\main\AndroidManifest.xml:7:9-65
15        android:debuggable="true"
16        android:extractNativeLibs="false"
17        android:fullBackupContent="@xml/backup_rules"
17-->src\main\AndroidManifest.xml:8:9-54
18        android:icon="@mipmap/ic_launcher"
18-->src\main\AndroidManifest.xml:9:9-43
19        android:label="@string/app_name"
19-->src\main\AndroidManifest.xml:10:9-41
20        android:roundIcon="@mipmap/ic_launcher_round"
20-->src\main\AndroidManifest.xml:11:9-54
21        android:supportsRtl="true"
21-->src\main\AndroidManifest.xml:12:9-35
22        android:testOnly="true"
23        android:theme="@style/Theme.MiApp" >
23-->src\main\AndroidManifest.xml:13:9-43
24        <activity
24-->src\main\AndroidManifest.xml:15:9-21:20
25            android:name="com.example.miapp.MainActivity"
25-->src\main\AndroidManifest.xml:16:13-41
26            android:exported="false" >
26-->src\main\AndroidManifest.xml:17:13-37
27            <meta-data
27-->src\main\AndroidManifest.xml:18:13-20:36
28                android:name="android.app.lib_name"
28-->src\main\AndroidManifest.xml:19:17-52
29                android:value="" />
29-->src\main\AndroidManifest.xml:20:17-33
30        </activity>
31
32        <provider
32-->[androidx.emoji2:emoji2:1.2.0] AndroidManifest.xml:24:9-32:20
33            android:name="androidx.startup.InitializationProvider"
33-->[androidx.emoji2:emoji2:1.2.0] AndroidManifest.xml:25:13-67
34            android:authorities="com.example.miapp.androidx-startup"
34-->[androidx.emoji2:emoji2:1.2.0] AndroidManifest.xml:26:13-68
35            android:exported="false" >
35-->[androidx.emoji2:emoji2:1.2.0] AndroidManifest.xml:27:13-37
36            <meta-data
36-->[androidx.emoji2:emoji2:1.2.0] AndroidManifest.xml:29:13-31:52
37                android:name="androidx.emoji2.text.EmojiCompatInitializer"
37-->[androidx.emoji2:emoji2:1.2.0] AndroidManifest.xml:30:17-75
38                android:value="androidx.startup" />
38-->[androidx.emoji2:emoji2:1.2.0] AndroidManifest.xml:31:17-49
39            <meta-data
39-->[androidx.lifecycle:lifecycle-process:2.4.1] AndroidManifest.xml:31:13-33:52
40                android:name="androidx.lifecycle.ProcessLifecycleInitializer"
40-->[androidx.lifecycle:lifecycle-process:2.4.1] AndroidManifest.xml:32:17-78
41                android:value="androidx.startup" />
41-->[androidx.lifecycle:lifecycle-process:2.4.1] AndroidManifest.xml:33:17-49
42        </provider>
43
44        <uses-library
44-->[androidx.window:window:1.0.0] AndroidManifest.xml:25:9-27:40
45            android:name="androidx.window.extensions"
45-->[androidx.window:window:1.0.0] AndroidManifest.xml:26:13-54
46            android:required="false" />
46-->[androidx.window:window:1.0.0] AndroidManifest.xml:27:13-37
47        <uses-library
47-->[androidx.window:window:1.0.0] AndroidManifest.xml:28:9-30:40
48            android:name="androidx.window.sidecar"
48-->[androidx.window:window:1.0.0] AndroidManifest.xml:29:13-51
49            android:required="false" />
49-->[androidx.window:window:1.0.0] AndroidManifest.xml:30:13-37
50    </application>
51
52</manifest>